-1000000000
1000000000
0
0
0
-1000000000
0
0
0
0
1000000000
0
-1000000000
-1000000000
1000000000
1000000000
1000000000
0
-1000000000
-1000000000
0
0
0
0
0
1000000000
0
0
0
1000000000
-1000000000
1000000000
0
0
1000000000
-1000000000
0
1000000000
-1000000000
1000000000
0
0
0
0
-1000000000
0
0
0
0
0
-1000000000
-1000000000
-1000000000
1000000000
-1000000000
0
0
0
-1000000000
1000000000
0
-1000000000
0
-1000000000
0
1000000000
-1000000000
0
-1000000000
0
1000000000
0
-1000000000
0
0
0
-1000000000
-1000000000
0
-1000000000
-1000000000
1000000000
0
-1000000000
-1000000000
1000000000
0
0
0
0
0
0
0
1000000000
1000000000
0
0
0
0
0
1000000000
-1000000000
0
1000000000
0
-1000000000
1000000000
-1000000000
1000000000
0
0
0
1000000000
0
-1000000000
-1000000000
0
0
0
0
0
-1000000000
1000000000
0
1000000000
1000000000
-1000000000
-1000000000
0
0
-1000000000
1000000000
1000000000
-1000000000
1000000000
1000000000
0
0
0
0
1000000000
0
0
-1000000000
0
-1000000000
0
-1000000000
0
0
-1000000000
0
0
1000000000
1000000000
0
0
1000000000
0
1000000000
1000000000
0
0
0
-1000000000
0
0
0
0
-1000000000
0
0
0
1000000000
0
-1000000000
0
0
0
0
1000000000
0
1000000000
0
-1000000000
-1000000000
0
0
0
-1000000000
0
-1000000000
1000000000
0
0
1000000000
1000000000
1000000000
0
0
1000000000
-1000000000
-1000000000
1000000000
1000000000
1000000000
-1000000000
0
-1000000000
-1000000000
-1000000000
0
0
0
0
-1000000000
-1000000000
-1000000000
0
0
0
0
1000000000
0
-1000000000
0
-1000000000
-1000000000
0
1000000000
0
0
0
-1000000000
0
0
1000000000
1000000000
-1000000000
-1000000000
0
0
-1000000000
1000000000
1000000000
1000000000
0
-1000000000
0
-1000000000
0
-1000000000
0
0
0
-1000000000
1000000000
0
1000000000
1000000000
1000000000
1000000000
0
0
0
0
0
1000000000
1000000000
0
1000000000
0
0
0
0
0
0
-1000000000
0
-1000000000
-1000000000
1000000000
1000000000
-1000000000
0
0
0
-1000000000
-1000000000
0
-1000000000
1000000000
0
1000000000
0
0
0
1000000000
0
-1000000000
0
-1000000000
0
0
1000000000
1000000000
0
-1000000000
0
0
0
-1000000000
1000000000
1000000000
1000000000
1000000000
0
0
0
0
1000000000
-1000000000
0
1000000000
0
-1000000000
0
-1000000000
0
-1000000000
1000000000
0
0
0
-1000000000
1000000000
-1000000000
-1000000000
1000000000
0
1000000000
0
1000000000
-1000000000
-1000000000
0
0
1000000000
0
-1000000000
0
0
0
1000000000
0
-1000000000
1000000000
0
1000000000
0
1000000000
1000000000
0
0
1000000000
0
1000000000
-1000000000
0
-1000000000
0
0
1000000000
0
0
1000000000
0
-1000000000
0
1000000000
1000000000
0
-1000000000
0
0
0
-1000000000
1000000000
1000000000
1000000000
0
1000000000
-1000000000
-1000000000
0
-1000000000
0
-1000000000
0
0
0
0
-1000000000
1000000000
0
-1000000000
-1000000000
1000000000
1000000000
1000000000
0
1000000000
1000000000
1000000000
-1000000000
0
0
0
0
0
-1000000000
0
-1000000000
0
1000000000
1000000000
-1000000000
-1000000000
0
0
-1000000000
0
-1000000000
0
0
-1000000000
1000000000
-1000000000
0
0
-1000000000
1000000000
1000000000
1000000000
0
0
0
1000000000
1000000000
0
-1000000000
-1000000000
1000000000
-1000000000
0
1000000000
1000000000
-1000000000
0
-1000000000
1000000000
-1000000000
0
1000000000
1000000000
0
0
0
-1000000000
-1000000000
0
0
0
0
1000000000
1000000000
0
0
0
-1000000000
0
-1000000000
0
0
0
0
-1000000000
1000000000
0
0
-1000000000
0
1000000000
0
0
0
0
-1000000000
-1000000000
0
0
0
0
0
-1000000000
-1000000000
1000000000
-1000000000
0
0
0
-1000000000
-1000000000
0
0
-1000000000
-1000000000
0
-1000000000
-1000000000
0
-1000000000
0
0
-1000000000
0
0
1000000000
0
0
1000000000
0
0
0
0
-1000000000
1000000000
-1000000000
-1000000000
0
1000000000
-1000000000
1000000000
0
0
-1000000000
0
0
0
0
0
0
0
0
1000000000
-1000000000
0
1000000000
0
0
1000000000
1000000000
0
0
0
1000000000
0
-1000000000
0
1000000000
1000000000
0
1000000000
-1000000000
-1000000000
0
0
-1000000000
0
-1000000000
0
1000000000
1000000000
1000000000
0
0
1000000000
0
0
1000000000
0
-1000000000
0
0
0
1000000000
1000000000
1000000000
-1000000000
1000000000
0
1000000000
0
1000000000
0
0
0
0
-1000000000
0
0
0
1000000000
0
0
1000000000
1000000000
1000000000
0
-1000000000
1000000000
0
0
1000000000
-1000000000
1000000000
0
-1000000000
0
1000000000
0
0
0
0
-1000000000
0
0
0
0
0
0
0
-1000000000
1000000000
-1000000000
-1000000000
-1000000000
0
0
0
1000000000
0
0
0
0
1000000000
1000000000
1000000000
-1000000000
-1000000000
0
0
0
1000000000
0
1000000000
-1000000000
-1000000000
0
0
0
-1000000000
0
0
1000000000
0
1000000000
-1000000000
0
1000000000
1000000000
1000000000
0
-1000000000
0
-1000000000
0
1000000000
1000000000
-1000000000
-1000000000
1000000000
0
0
-1000000000
-1000000000
1000000000
0
0
0
-1000000000
1000000000
-1000000000
0
0
0
-1000000000
-1000000000
1000000000
0
-1000000000
0
1000000000
0
1000000000
0
0
0
-1000000000
1000000000
-1000000000
-1000000000
1000000000
-1000000000
-1000000000
1000000000
0
0
-1000000000
0
1000000000
0
1000000000
-1000000000
0
1000000000
0
0
1000000000
0
0
-1000000000
0
-1000000000
1000000000
1000000000
0
1000000000
-1000000000
0
-1000000000
-1000000000
0
1000000000
-1000000000
1000000000
-1000000000
1000000000
0
-1000000000
1000000000
-1000000000
1000000000
1000000000
0
-1000000000
-1000000000
-1000000000
-1000000000
0
1000000000
0
-1000000000
0
-1000000000
-1000000000
-1000000000
0
1000000000
0
1000000000
-1000000000
0
-1000000000
0
0
0
1000000000
0
0
-1000000000
1000000000
0
-1000000000
-1000000000
0
0
0
0
0
-1000000000
-1000000000
-1000000000
0
-1000000000
1000000000
1000000000
-1000000000
1000000000
-1000000000
1000000000
0
0
0
1000000000
-1000000000
1000000000
-1000000000
0
1000000000
-1000000000
0
-1000000000
1000000000
1000000000
0
0
-1000000000
0
0
0
0
0
-1000000000
-1000000000
0
0
0
1000000000
0
0
-1000000000
0
0
0
1000000000
-1000000000
0
-1000000000
0
-1000000000
1000000000
0
0
0
-1000000000
0
0
1000000000
0
0
1000000000
-1000000000
1000000000
-1000000000
1000000000
0
0
0
0
0
-1000000000
1000000000
0
-1000000000
1000000000
0
0
-1000000000
1000000000
0
1000000000
1000000000
0
0
0
0
0
-1000000000
-1000000000
-1000000000
1000000000
1000000000
0
0
0
-1000000000
0
0
1000000000
0
0
-1000000000
1000000000
1000000000
0
-1000000000
0
-1000000000
-1000000000
-1000000000
1000000000
0
0
0
0
-1000000000
-1000000000
-1000000000
0
-1000000000
1000000000
0
-1000000000
0
0
-1000000000
-1000000000
0
0
0
-1000000000
1000000000
-1000000000
0
0
-1000000000
0
1000000000
-1000000000
-1000000000
-1000000000
-1000000000
-1000000000
-1000000000
1000000000
1000000000
-1000000000
-1000000000
-1000000000
-1000000000
-1000000000
-1000000000
1000000000
-1000000000
-1000000000
1000000000
0
0
1000000000
0
-1000000000
1000000000
0
0
1000000000
0
0
-1000000000
0
-1000000000
-1000000000
0
1000000000
1000000000
-1000000000
0
0
1000000000
0
-1000000000
1000000000
1000000000
1000000000
0
0
0
0
0
1000000000
-1000000000
0
0
0
1000000000
1000000000
-1000000000
-1000000000
-1000000000
0
-1000000000
1000000000
0
-1000000000
1000000000
1000000000
-1000000000
-1000000000
1000000000
0
0
0
0
0
-1000000000
0
1000000000
0
1000000000
0
0
-1000000000
0
0
0
0
0
-1000000000
0
0
1000000000
-1000000000
-1000000000
-1000000000
-1000000000
1000000000
-1000000000
-1000000000
0
1000000000
0
0
-1000000000
0
1000000000
1000000000
0
1000000000
-1000000000
0
0
0
-1000000000
0
-1000000000
0
0
1000000000
0
0
0
0
0
-1000000000
0
0
0
0
0
0
1000000000
0
0
-1000000000
0
0
-1000000000
-1000000000
-1000000000
1000000000
1000000000
0
-1000000000
0
-1000000000
0
0
0
0
1000000000
1000000000
-1000000000
-1000000000
1000000000
0
0
1000000000
0
-1000000000
1000000000
1000000000
0
0
0
0
0
1000000000
0
1000000000
-1000000000
-1000000000
1000000000
0
0
1000000000
1000000000
0
1000000000
-1000000000
0
0
-1000000000
-1000000000
-1000000000
1000000000
1000000000
-1000000000
-1000000000
1000000000
-1000000000
0
1000000000
1000000000
1000000000
0
0
-1000000000
0
0
0
1000000000
0
-1000000000
0
-1000000000
0
0
1000000000
1000000000
0
1000000000
0
0
0
-1000000000
-1000000000
0
1000000000
1000000000
1000000000
-1000000000
-1000000000
0
0
0
0
1000000000
0
0
1000000000
0
0
0
-1000000000
-1000000000
-1000000000
-1000000000
-1000000000
0
0
1000000000
1000000000
0
0
0
0
0
0
1000000000
-1000000000
0
-1000000000
0
0
0
0
0
1000000000
0
-1000000000
1000000000
0
-1000000000
-1000000000
-1000000000
-1000000000
0
-1000000000
-1000000000
1000000000
-1000000000
-1000000000
1000000000
-1000000000
0
0
0
1000000000
-1000000000
0
-1000000000
570881
109389
1280446
341427
673633
1623292
1281046
757887
454546
455418
835814
183453
1398402
604154
242436
1471228
413684
1145843
609403
873988
324875
24539
435332
1462220
924615
801776
185324
786397
1522786
274910
593937
1217617
514089
1367263
121038
633513
1193411
473418
1391339
872629
884847
604504
688371
622832
267554
805648
1214368
247556
1980189
921903
278805
430508
368618
195792
1118714
445900
709599
471525
575966
233493
411276
427224
50513
532393
1274911
190023
1014494
1382035
1210384
614763
400145
345688
1293463
282745
781443
627956
740386
1467524
599335
2010955
435011
206086
1119735
142994
25489
71690
101992
13226
61680
55972
1384307
310589
696134
891317
1543448
901338
674524
1031738
8150
846892
1315729322083
1253741984499
1364719445843
1487694022353
2045570781883
2237531296696
1306722371711
1685642349082
1625653982154
1552670177660
1518675702133
1613654988551
1684635368915
1321715183878
1291721732976
1489670908398
1274722007081
2048552317240
1266727094086
1668632353773
1837601251199
1401697933947
1537664380801
1412678507042
1428680217387
1537652037880
1542643300546
1526648674991
1438675934120
1803584942377
1589643855256
2229495288842
1927556600070
1308707455715
1276703174139
1372684685056
1421670228217
1504653289319
1529644278363
1522645919906
1263705463123
1853573766730
1692608921921
1679612228462
1292700101705
1465660182958
1458662579819
1454664928491
2271474506080
1767587703753
2025528801458
1896564194476
2104510623133
2288470147556
1424672587739
1564635081275
1751595554142
2177497373188
1640618451105
1329692094490
1316694152738
1523645593185
1462661069706
1803585261509
1372681865295
1308698013322
1921552253749
1314697379612
1384679185275
1922558634073
1348687750844
1301698352034
1260707239291
1579631638180
1974547334323
1677608430975
1308696063832
1283702522823
2034526636325
1469660539673
1705607616566
1487655361331
1565637716330
2080516416422
1964542414693
1292701873410
1507650867591
1636621597873
1550639784588
1660613772101
1972543826483
1499652681427
2336459479382
1448664245819
1706602482201
2086518398295
1739596262620
1531648360819
1632625555851
1943550993682
1888559785008
1452663563791
1519645473436
1825574153011
1497651755587
1626623853293
2033529122186
1343687800089
1803581301589
1923551753109
1771593268811
1863571969862
1752597204670
1637620150444
1809579723527
1605625991119
1714599796772
1669612208686
1443665345472
1634622063175
1828578835116
1689609632600
1822580997966
1793581546598
1504649675600
1801580286026
2010532461781
1429668539160
1331691729284
1871570708497
2084520006832
1393677288563
1421670352046
1384678739375
1647615731547
1391675237297
1940554543436
1502651675648
1949550702951
1636619235298
1371681913090
1820579102762
1642617846336
1628624085606
1286699596091
1657619746110
1338687515963
1655614464910
1330691129682
1873563944965
1782589601637
1304695420145
1273705391456
2364453266418
1830580383469
1257708158038
1744596901510
1849568583505
1436669480088
1444665316176
1509647846682
1916553437208
1623625621129
1375684125824
2110512461579
1259707358692
1416673494655
1932549594147
1635622441217
1902562489873
1814569765469
1361673644230
1383667729174
1493641714860
1950534573738
1503639716976
1793575233479
1460650614454
1671600181392
1475646519720
2266464033136
1519636662992
1577623483741
1579620907094
1694593878958
1915542832793
2206476991967
1454652496337
1270695578626
1779575924362
2217475709385
1413660365766
1434656386997
1710590867882
1919543126203
1507638508770
2208475678235
2180484981808
1267696230555
1533632589310
1569625759079
1711594724457
1281691630363
1716594578766
1757580534903
2241468352254
1798575340959
1620612404454
2239471569836
1631612223932
2208480126441
1345677173240
1663604123945
1509639135112
1638609702784
1777578822540
1383667568061
1368671895585
1503640411464
2163485551397
1300687894289
2397434174688
1551628757797
1619612275402
1300687938839
1929541796164
1914548665484
1643605727202
1469648270410
1611613803226
1620613678008
1713589292565
1858561609794
2280461038963
1930538684713
2331448510895
1434655325449
2381436131182
1319682989216
1382668226626
1687597645624
1798571933507
1256696714453
1630610732233
1600617499593
2267461051876
1252698441000
2110496711890
2105499255505
1838561486121
1379668035255
1651605863616
1659602762906
1731584101068
1435655751923
1702591349841
1436655369382
1268694160114
1329679534790
1574623474942
1572622714122
1372674580443
1950534685639
1425657764191
1272693713794
1479645048838
1777576777501
1357673974256
1446652481895
2001523634389
2211472598054
1346681955474
1821565898124
1266694395041
1467648063358
1427659367901
1498640354266
1359675543144
1410657685575
2100497250345
1582618396241
1688592360929
1677598188637
1433654419497
1910543775267
1653600406074
1276696458185
1619612046772
1975526591627
1869548634415
2313445605082
2216468342726
1486644120669
1537631943753
1259694674348
1873547897390
1407658600535
1686595463464
1392665095075
1933537587629
2072502918877
1506637859976
1589618849781
1887547709013
2270456225264
1683596722967
1514635998681
2319444173264
1845557761930
1858554339406
1569620959095
1720588715640
1318681725041
1553623721271
1280690604701
1892545942356
1894547355257
1796571999316
1480641462019
1698593896294
1666599570632
2009517064396
1471644702016
1312686354002
2258458492957
1972526833181
1584617711471
1391662756856
1943533699047
1329682810949
1749576722888
1357671404654
2057507744489
1503638738406
1884548827873
1542626400489
2032511633240
1298684445634
1845554166001
2117493510981
1424660205321
1358670978454
1943531758204
1493640950075
1625610570821
1816560861413
2081500871256
1539627868666
2132490466427
1443650460386
1463645693038
1666599952245
2320444500958
1374674699249
2294450523017
1540627068488
1953531228173
1438651623928
1606617243909
1788567401237
1979523178563
1751580346411
1784572770003
1879545507557
1658597449697
1754578743846
1523630304447
1524634415158
1640604670962
2128489293874
1369668936499
1608613559345
2002517765480
1941531287399
1886546221543
1279695309356
1285688821098
1279694635460
1720587016694
1378665047220
1903543166467
1702590863868
1470644676214
1788570758070
1620611048986
1660596906419
1592613126431
2384427983571
1526629194629
1693588647023
1448648851333
1461649245932
1390664214935
1711587553997
1257698582339
1868548008789
1404658568566
1851552498105
1432652467497
1310681427085
1421658197353
1258697526309
1942534408322
1790566453448
1521633228144
1448648026202
2334439586896
1579617140503
1439655964148
1355675721214
1806564472302
1523632538608
2075500425927
1412660410495
1719587009945
1524634459294
1861552725138
1832557372507
1541626557093
1476645403992
1660601110780
1438650551635
1351672184576
2420419891556
1768571078024
1304688519060
1424653859476
1467643340397
1529628391214
1779573114286
1959530070418
1290686827979
1520631220198
1288686664834
1506634304967
2248461150562
1856553286784
1721583506637
1981522713065
2282452155306
1532627799030
1388667820054
1990521677324
1684592900054
1854551003914
2155481344860
1832558267810
1425653603680
1277693614691
1448648067835
1558623931113
1702589328094
1848556336333
1819562333401
1614609605819
1515637489818
1257700374267
1450650464869
1919538420209
1262692978459
1325678187351
1919536843400
1639602887761
1772576214658
1252695541687
1994518790823
1635608924428
2102494105509
1680591924699
1375670238357
1410659461247
1864552213804
1332676449275
1336680388389
1400659767699
1490639047134
2093498793662
1291690757347
1382668804255
1335677445032
1465647451722
1732579010220
1419655798097
1513632174591
2301446529144
2110492383344
1943534074086
1263700641827
1997518885494
1390661772337
2248458846886
1255694925882
1349672063916
1616606693839
1300683758601
1874546159254
1440656448317
2173478427211
1303682785610
1629605312700
1922537362729
1555625500340
1585615833491
2311443924400
2068501714231
1268691886326
2018514064077
1849553487911
1721585213302
2264454806454
1704587229945
1461647392633
1404664428089
2392425404697
1535628029467
1477643650733
1893543917933
1570618161964
2123488391385
1570620927515
2331439571812
1356670455928
2339438138473
1349672667185
2123489718703
2229463239859
1466643710855
1262697339577
2316442863608
1715583804822
1733583057428
1275697173128
2053505496604
2290448949025
1862548786734
2049506608415
1717584523857
1505633925114
1308686030987
1783570211816
2140484109075
1700587859244
1851555828246
1304683327050
1984522617775
1742577751786
1417655958565
2042510356326
1443648704090
1815561108246
2297447557487
1911539683803
1558621735964
1397659931804
1512632100036
2061503677235
1523629404908
1761577100172
2190472325093
2214467524709
1330679340188
2038508281146
2235462902358
1610608396224
1356670126027
1288686694614
1320678757432
1451649953405
1911539533563
1706587514513
1689592742930
1345672688313
1851550283016
2138480856303
1447645515814
1677592080622
1819556145984
1451647482585
1443646700811
1578613612228
1716580139671
1306680764468
1655594046371
1780564101656
1855547296237
1357667194922
1333675500739
2067494612558
1373664192377
1630601095280
1408653868380
1843549614398
2035501941473
1685587466809
1323676212986
1811556754076
1272690968171
2091488436235
1291685826653
2222457141892
1579612464870
1511629173462
1295682682244
1264689834595
1684588040534
1923528994593
1314677323568
1516627561563
1549621275256
1291684127522
1917530965022
1454644841253
1724579220403
2335430736059
1557619263288
1456642311090
1342670889179
1911534304032
1260693588777
1253691985355
1505632338763
1514627692217
2035502049858
1753571585927
1962520607282
1537622590999
2051498261726
1863544573953
1743574143713
1697583854984
1400657111795
2275444505268
2059499187277
2127479827996
1966520364187
1395658573026
1342670876954
1839550502040
2246451100993
1571616621254
1990512953911
1369666618743
2216459874342
2054498474576
1842550070011
1633601268726
1384661265802
1752571262449
1527628382473
1316677728681
1746572703301
1598608776484
1365665368326
1627600685398
1449644218355
1639599999630
2012508601661
1584612056996
1650596798914
1927528431759
2202461646842
1841550600797
1795562092535
2170470413625
1597609662017
1691587002036
1609606156281
2139477589204
2250450903014
1455642354642
1302681097042
2261447569734
1269689829921
1810557451813
1593609056302
1778565679070
1487636348904
1603608636766
1572615032412
1523626944123
1325674161553
1597609074830
1271688961797
1812557705888
1692585154687
2173469676025
1659592839268
1373663466678
1597609014555
1470638809736
1778564504129
1862544217090
1545621798390
1571616204108
1535623364673
2007508686742
2295437882501
1629601722059
1836550213959
1407654131220
1991512495929
1256691561524
1433648708824
2166469018156
2090489421119
1674589438200
1312680285467
2126478786612
2259446309394
1459642325707
1639597851787
1892537569500
1520627023572
2116481232076
2362423290675
1890537572508
1934527836195
1280686513959
1403657098504
1786562451086
1457641986697
1310678614027
1331673801245
1252693323110
1998510471571
1814556382786
2081489972707
1289683557085
1339672344649
1897535290013
1591610003072
1892536979671
1446644811211
1588610424189
2245450524830
1422651176007
2177466568791
1631601153758
1912531431356
1478636605538
1521627125518
1432649363491
1921529461341
2238452196127
1287684453432
1475638347513
2113484024092
1498633695429
1855545881433
1323675778425
1353668300269
1635598878745
1550621080057
1730575326005
2059495534787
1736574425708
1386661051323
1916530832603
1456643672541
1420652286983
1962520171912
1904534099975
1402656533773
1713580936282
1708581976978
1867543189249
1295683361755
1363666138335
2180465599156
1591611565866
1558617035147
1380661727499
1836550219744
1846548175778
2003509620438
1753569777294
2061494985412
1466640546801
2016505639142
2006508056086
1671591365139
2288440974115
1619604216866
1711580339879
1471638857549
1898534965980
1552619726218
1518627607767
1767566980997
1558618035044
1380661064705
1573615868856
1490634831901
1866543383692
1856545420310
1945524427082
1782564350114
1515628528696
1347669729739
2308436079234
2026503819333
1402656619076
1377663068479
1386659484903
2015507894020
1593609170127
1928528390075
1573615334485
1930527315848
2311433854652
1595609694876
1745573744996
1254691921313
1645596488265
1321676044032
2180465523919
1643596957041
1508630229588
2132478873465
1856545143593
1505631481622
2093488924338
1443645678062
1530624511155
1318677482533
1714579852471
1629601907293
1449645119222
1725577080868
1636600225855
2023504860511
1994512153619
1691585943880
1418652307793
2049498282605
1388659942775
1401658082265
1926528845682
1680587966328
1708581344200
1959519740916
2011508834192
1718578124383
1801559678925
1981516149411
1957522074456
1312679218550
1338672298830
1964518471141
2039501902648
1635598732229
1985514570023
1297681475519
2240451668232
1797560485149
1555618543539
1524626566782
1913531999485
61987533077
74984924242
90981691994
77984293770
64986897572
55988639089
88981929478
70985570541
77984180617
84982724448
75984568502
65986552362
78983904316
71984982558
54988461261
57987657883
74984164994
50989171661
54988312861
78983267165
78982996469
55987950942
82982185781
53988349638
66985571869
72984255644
73984101984
68985241774
52988565140
63986339465
78982980210
81982420843
53988391501
87981081415
75983693603
67985466984
68985103052
92981424689
55988525369
65986478606
70985490127
60987484351
91981112292
67985993096
83982717000
62987018978
81983022072
52988984781
76984040639
57988023279
67985984621
70985170065
87981320664
68985314437
81982533475
51987933900
92978876736
93978671386
53987617523
57986503956
59986111726
61985818252
54987139884
59986192228
64985053627
69984029555
92978886710
50988272630
51987828676
54987460256
89979467342
64985053627
68986232102
75983845850
54988284425
72984499446
63986353913
56987837863
79982956241
82982326561
69985060204
60987010850
64986078490
77983359577
83982041157
85981748688
54988296002
52988656051
78983119495
54988233225
86980275435
53987951601
58986596692
71983574826
68984226257
86980283896
63985505497
50988115240
65984775484
93978585913
71983861155
88979864321
77982129064
92978871229
67986449373
63986943121
88980055652
58986523795
72983431120
65985027089
57986901119
65984996043
82981280945
57987018805
93978650403
51988087575
77982285720
51988042838
58986597881
53987587293
70983709769
59986221684
79981023316
56986579362
51987494089
64984679097
50987846069
60985398835
53987010754
78981215601
50989758891
54988165042
62986383029
53988231468
72984170236
57987617439
55987729686
58987248253
53988450844
84981621614
52988430382
54987961202
73983363339
55987591905
72983828090
84981105399
58987028501
64985340181
78982024984
57986676547
67984331863
59986286700
83980711632
55987008771
62985454161
75982555712
95978028161
57986815824
62985630292
60985856116
77984383956
61987435519
79983847480
56988442516
52989244787
80983608794
50989655749
84982818948
60987559418
68985328047
55987980624
80982737907
52988872594
78983238741
89980842014
55987988658
52988806998
94979824897
87981263567
60987094460
61986902673
50989160431
88981039094
71984594854
60986921172
69985011242
57987556437
86981477764
82982328468
93979970375
72984343929
69984930151
61986759176
63987176535
62987114458
64986661220
50989479200
71984613259
51988892339
84981989185
67985661456
60986673943
68984951539
74983670891
62986402928
85981277000
54988057554
70983782208
65984894731
69983911810
76982216634
59986179081
52987790894
66984595694
59986104487
58986355064
54987376115
52987799825
76982198713
70983662366
73982971545
53987557789
57986647515
56986801185
70983640430
89982078076
50989850465
87981381858
77982921097
55987586541
69984871910
56987725246
54987871221
88980449042
62986069090
61986250008
77982863216
50988947405
52988240597
81982141868
51988477975
82981712994
55987696513
53988169152
66985200345
80982254694
91979930298
51988432104
52988445694
50988421232
74983103486
53987796348
64985287130
50988612640
86980552540
75982829766
86980512868
65985074139
69984189523
59986639199
64985297368
76984136787
58987688221
64986402156
87981434242
85981804911
68985363245
65985922668
64986128326
73984257172
63986333280
66985574116
50988869271
68985047705
68984977106
66985535912
53988276732
64985783164
55987678646
58987039256
64985741655
50988827079
52988337536
91979885389
56988136021
52988888519
75984108843
57987835747
61987081515
67985762785
86981812409
73984353843
54988099774
58987146638
69984368158
56987243652
60986243336
85980752070
51988323292
57987322840
53987818380
52988086455
86980246832
53987755827
68984369113
76982532306
57986823594
61985895620
68984310881
78982130449
63987218473
76984610421
77984037579
52988709894
69984824280
56987778842
69984828535
85981569624
57987398835
50988978751
55987881642
59987007375
76983331509
86981311993
50988388038
57986659872
65984748438
83980579798
60985795742
72982857221
52987446495
55986828647
57986449706
66984166691
51988180931
72983026769
52987539968
76982012665
54987118723
63985306448
53987215756
80981133468
53988804803
62987138109
77983918006
64986436782
79983336839
58987752573
51989089186
50989276172
55988094190
73984234031
51988739682
74983991486
71984451745
74983845457
54988032724
80982262346
67985109463
83981585040
64985822098
51988702793
61986414086
53988264285
73983831440
62986183194
79982496744
79982473533
76983125131
58987068162
52988314102
50988912552
82981781073
71984222793
69985709904
62986823182
63986606436
69985356947
74984314336
55988231728
76983860019
58987617005
87981609328
78983458796
82982668592
70984620323
63986108377
86981125859
66985308706
77983071106
72984112654
57987313988
63985945309
72984250582
65985383730
77982893087
65985455938
60986380514
59986725786
57987159270
64985503553
91981485523
88982079101
59987886432
89981893591
68986050529
74984678882
81982166542
60986491328
50988866782
59986319532
58986498913
61985646531
61985634705
79981651770
58986567160
69983888658
55987000363
65984843872
56987283144
82981039935
92978884998
53987645947
57986607298
90979306724
76982335327
97977840528
71983367824
81981217729
80981492989
50988124081
75984448113
63986828021
59987521751
79982785418
96979286436
57987343376
62986399141
63986280019
75983631276
58987202237
51988926872
89980682568
51988905251
50988902494
52988406565
60987018259
54988226066
67985562744
51988747662
61986589758
54988047845
74983740031
75983550521
50988963401
54988100445
72984365467
79982628213
95979372992
53988030169
63985927389
70984482960
63985850202
53988009311
93979478356
84981304308
63987203599
63987122856
82983276092
53989112606
52988545570
71984141836
62986076935
73983640692
54987790639
53988038375
69984499965
84981308247
64985614885
70984329448
64985655901
71984101217
68984791586
76983052625
59986707554
65985512881
53988035447
82981824657
58986928517
59986746093
77982874314
53988016856
70984307115
50988726044
67985045378
73983686139
83981154010
64985320118
95978639306
82983365545
65986814391
68986049455
65986376865
56988201260
71984827474
51988443506
89980338564
79982454157
50988658779
52987214032
78981226702
50988204070
51987398103
74982067004
79981060288
59985402569
89978880666
95977603587
82980330869
55986507183
62984744440
77981126099
50987544595
59985393123
68983228270
80980586803
61984962684
71982571631
61987542324
71985363997
85982527481
60987682911
72984710264
89980900086
69985083639
50989163692
65985924309
51988949606
76983617705
65985943382
55987683811
53988224367
51988667465
79982467984
60986576083
68984871729
89980394123
87980777295
54987846305
51988618949
83981607515
75983322874
65985484151
51988558406
74983644178
65985519590
63985938503
60986583001
60986773452
72984204935
63985933853
58987145721
68985029464
72984105054
52988368850
55987915755
53988271188
84981479512
51988661421
75983386617
57987072043
52988255294
70984275868
60986378348
88980447448
55987490552
67984894026
71984024396
61986149118
82981706265
53987889274
59986803070
67985006815
65985548803
53987934908
55987609326
59986843571
56988557456
51989538260
84982948565
69985696504
75984465263
78983914322
53989000461
50989519586
52989155595
59987675018
86981419487
55987807303
56987557381
63986139637
94978756031
51987887998
53987560767
51988106038
57986636334
62985508627
79981809335
60985877023
66984525239
65984748312
64985259223
61985617770
67984357351
76982517244
88979798919
61985617770
62987414732
61986748385
54987824202
65985441113
77982813979
81982035864
75983166078
55987536580
70984247060
82981653316
70984230438
75983200908
55987568390
68984685672
58986954383
62985984913
56987352202
86980773945
66985133888
63985773210
61986199603
50988663446
82981341126
78982217672
52988623387
67985429425
60987032582
53988492465
82982284058
90980416111
79982712952
77983159625
50988964587
75983610799
53988318680
63986152195
84981661163
51988742156
52988522294
56987711652
95979414981
79982733901
51988700561
50988979584
57987388452
52988486606
62986299795
78982861224
53988267582
68985009244
69984795210
54988039871
50988890533
83981789215
66985523300
71985630756
61987552070
77984372563
59987443786
85981945256
79983122353
66985715872
95979775204
69984762546
68984912078
52988216236
69984681861
67984824044
67984845728
57986933408
57987242205
60986293882
55987818868
73983572997
51988442307
71983848251
80981771968
75982648767
77982120019
84980165864
72983058546
62985139651
53987240887
54986985676
73982833520
59985975817
52987710811
59985836118
51989552760
52988706649
57987645491
77983452420
66985749417
50989120559
55988087884
61986826247
52988765823
77983432838
50989151195
51988948705
68985314952
64986164859
62986473636
79982769837
63986137109
63986185202
97978917521
69984921906
55988010057
92979954546
76983363545
69984903601
60986954671
56987819264
73984085464
54988245304
56987691245
65986760197
52989355920
53988997787
59987754291
62987098839
69985710210
59987671611
50989516689
52989173298
58987992179
97979847576
54988419108
54988278787
80982728371
68985350255
64986211441
54988302180
84982039754
58987464272
66985692304
71984411226
51988695104
62986103628
72984039773
53987841493
53987921219
81981719079
78982635176
82981274190
57986972065
62986025027
76982868920
57987091525
56986967934
56987399181
50988397822
63985503852
