-1000000000
3
-1000000000
5
-1000000000
-1000000000
20
29
-1000000000
29
-1000000000
-1000000000
-1000000000
-1000000000
-1000000000
65
-1000000000
70
73
77
-1000000000
89
89
89
98
100
-1000000000
105
109
111
114
123
127
-1000000000
-1000000000
157
-1000000000
-1000000000
-1000000000
-1000000000
-1000000000
180
-1000000000
-1000000000
198
207
231
235
238
-1000000000
-1000000000
-1000000000
-1000000000
-1000000000
281
284
295
302
307
-1000000000
-1000000000
-1000000000
314
324
-1000000000
335
-1000000000
-1000000000
-1000000000
-1000000000
-1000000000
-1000000000
-1000000000
372
377
380
-1000000000
-1000000000
394
-1000000000
420
-1000000000
427
-1000000000
431
435
-1000000000
-1000000000
445
445
-1000000000
-1000000000
459
-1000000000
470
473
485
-1000000000
498
498
-1000000000
-1000000000
506
-1000000000
-1000000000
523
-1000000000
-1000000000
533
542
-1000000000
544
547
-1000000000
-1000000000
-1000000000
560
560
560
566
-1000000000
581
-1000000000
587
599
599
605
609
617
-1000000000
-1000000000
-1000000000
634
646
-1000000000
653
-1000000000
683
-1000000000
-1000000000
-1000000000
-1000000000
-1000000000
-1000000000
718
-1000000000
-1000000000
-1000000000
-1000000000
733
-1000000000
748
-1000000000
-1000000000
767
775
-1000000000
793
801
804
806
-1000000000
817
-1000000000
-1000000000
823
-1000000000
-1000000000
833
837
-1000000000
851
858
866
-1000000000
-1000000000
902
-1000000000
-1000000000
-1000000000
-1000000000
-1000000000
-1000000000
951
951
956
-1000000000
-1000000000
965
-1000000000
977
977
-1000000000
999
458
228
389
152
409
39
419
156
328
320
256
120
77
402
71
486
454
410
193
82
472
37
373
44
206
48
223
364
140
116
28
164
222
204
197
352
41
29
423
110
180
466
170
198
458
240
49
114
112
372
134
314
340
74
426
499
199
411
88
69
288
184
212
12
496
312
324
462
474
302
105
413
422
157
114
414
226
436
132
107
309
381
212
244
17
142
368
285
268
346
137
296
390
260
336
300
60
420
72
5
160
311
328
374
96
442
338
366
16
396
68
172
480
280
451
216
317
324
495
467
2
452
224
82
156
404
347
252
78
104
474
494
205
110
280
177
47
280
159
46
190
225
460
84
67
82
382
151
270
194
6
292
258
254
484
64
168
397
93
188
174
232
131
64
298
54
261
251
156
126
14
63
10
334
11
138
186
486
162
333
454
356
134
152
416
408
275
442
482
92
48
433
312
235
359
391
464
170
301
184
468
128
462
118
154
434
476
308
257
228
148
416
278
202
28
350
404
6
340
403
192
353
10
408
208
95
219
162
497
106
401
72
399
172
34
344
349
62
175
342
361
16
124
292
220
392
377
444
149
290
111
138
330
420
316
188
34
320
496
9
498
192
458
158
59
115
81
486
238
73
302
220
294
440
61
50
429
98
220
113
268
24
117
274
46
253
380
325
490
402
99
217
427
278
360
16
207
441
388
12
190
87
478
272
189
445
32
103
395
440
201
57
150
230
382
274
430
130
106
70
38
488
383
400
372
23
316
292
444
500
166
54
259
140
386
170
396
320
102
184
50
385
386
264
362
271
380
196
258
13
248
465
318
62
45
438
187
434
352
307
291
118
371
446
100
142
30
24
376
330
144
464
282
344
313
141
378
30
456
481
203
186
80
416
357
52
430
466
182
283
308
89
100
132
198
161
242
2
204
150
412
296
138
35
350
42
112
234
176
85
264
490
450
460
160
215
145
210
288
52
146
208
252
94
222
384
415
454
122
181
286
228
279
288
284
86
321
473
142
369
79
498
158
247
249
98
250
176
46
114
378
350
246
393
408
337
356
168
182
374
124
136
276
162
183
470
342
123
387
479
174
287
417
206
303
308
90
446
344
405
345
250
352
191
135
342
36
109
390
310
295
394
40
30
152
439
457
428
202
240
-2000
-2000
-2000
-2000
-2000
-2198
-2590
-1607
-2451
-2451
-2451
-529
-529
-2590
-2590
-2451
-2574
-2000
-1607
-1402
-2590
-1443
-1999
-331
-2271
-1999
-1754
-2590
-2451
-2271
-2590
-1993
1031
-2451
-2000
-1993
-2451
-2451
-2590
-2590
-75
-2451
-2590
-1157
-1157
-1157
-3607
-2000
-1996
-3007
-2574
-1987
-96
-3607
-2590
-2827
-3985
-2574
-3407
-2050
-3510
-3510
-1193
-2451
-2451
-3006
-2322
-4889
-1917
-2583
86
-2271
-3510
-1142
-2430
-2504
-3990
-1131
-2451
-3510
-3407
-3018
-3006
-1142
-2306
374
-3852
-4564
-4587
-3787
-4587
-5198
-4430
-6389
-6148
-6148
-5006
-4430
-2946
-6587
-5675
-7158
-3859
-4478
-7158
-5484
-5552
-3859
-4769
-3668
-4488
-5589
-6280
-4279
-4257
-7158
-5173
-7158
-7158
-2652
-7158
-4708
-7158
-4708
-6345
-3699
-4613
-7158
-6267
-5717
-5173
-6345
-4613
-3977
-7639
-6613
-7158
-5253
-5492
-5188
-5492
-6280
-6280
-7158
-4238
-5406
-4905
-4474
-5862
-4557
-6019
-7250
-7250
-7130
-9172
-6595
-7639
-5231
-4557
-7717
-7158
-5231
-5862
-5862
-7130
-5231
-5231
-6827
-6019
-4564
-4557
-6981
-7158
-5977
-7250
-7250
-5862
-6447
-5152
-4386
-5519
-6280
-5300
-7158
-6981
-5862
-5148
-5914
-7657
-7914
-7914
-7914
-9292
-7914
-7290
-8981
-7290
-7290
-8503
-11172
-6934
-6511
-9320
-6677
-8981
-9879
-8301
-6715
-7914
-10907
-5771
-7582
-7941
-7240
-8503
-7682
-8981
-7546
-9879
-7582
-7546
-8145
-7431
-7546
-7431
-8145
-7431
-6662
-6346
-7914
-6057
-10907
-8981
-8203
-8203
-8203
-7682
-9292
-7057
-7582
-9320
-8561
-7195
-8903
-11172
